<?xml version="1.0" encoding="UTF-8"?>
<!-- Generated by org.testng.reporters.JUnitXMLReporter -->
<testsuite hostname="DESKTOP-SMJLONE" failures="0" tests="4" name="Test2" time="0.232" errors="0" timestamp="24 Mar 2021 06:38:11 GMT">
  <testcase classname="TestCase.diagnostics" name="@BeforeTest testcaseRexl" time="0.0">
    <failure type="org.apache.poi.EmptyFileException" message="The supplied file was empty (zero bytes long)">
      <![CDATA[org.apache.poi.EmptyFileException: The supplied file was empty (zero bytes long)
	at org.apache.poi.util.IOUtils.peekFirstNBytes(IOUtils.java:111)
	at org.apache.poi.poifs.filesystem.FileMagic.valueOf(FileMagic.java:206)
	at org.apache.poi.openxml4j.opc.internal.ZipHelper.verifyZipHeader(ZipHelper.java:143)
	at org.apache.poi.openxml4j.opc.internal.ZipHelper.openZipStream(ZipHelper.java:175)
	at org.apache.poi.openxml4j.opc.ZipPackage.<init>(ZipPackage.java:104)
	at org.apache.poi.openxml4j.opc.OPCPackage.open(OPCPackage.java:307)
	at org.apache.poi.ooxml.util.PackageHelper.open(PackageHelper.java:47)
	at org.apache.poi.xssf.usermodel.XSSFWorkbook.<init>(XSSFWorkbook.java:309)
	at utility.excelUtils.readexcel(excelUtils.java:69)
	at TestCase.diagnostics.testcaseRexl(diagnostics.java:59)
	at java.base/java.util.concurrent.FutureTask.run(FutureTask.java:264)
	at java.base/java.util.concurrent.ThreadPoolExecutor.runWorker(ThreadPoolExecutor.java:1130)
	at java.base/java.util.concurrent.ThreadPoolExecutor$Worker.run(ThreadPoolExecutor.java:630)
	at java.base/java.lang.Thread.run(Thread.java:831)
... Removed 14 stack frames]]>
    </failure>
  </testcase> <!-- @BeforeTest testcaseRexl -->
  <testcase classname="TestCase.diagnostics" name="@BeforeClass driverconfig" time="0.0">
    <skipped/>
  </testcase> <!-- @BeforeClass driverconfig -->
  <testcase classname="TestCase.diagnostics" name="@AfterMethod tearDown" time="0.0">
    <skipped/>
  </testcase> <!-- @AfterMethod tearDown -->
  <testcase classname="TestCase.diagnostics" name="@AfterMethod tearDown" time="0.0">
    <skipped/>
  </testcase> <!-- @AfterMethod tearDown -->
  <testcase classname="TestCase.diagnostics" name="@AfterMethod tearDown" time="0.0">
    <skipped/>
  </testcase> <!-- @AfterMethod tearDown -->
  <testcase classname="TestCase.diagnostics" name="@AfterMethod tearDown" time="0.0">
    <skipped/>
  </testcase> <!-- @AfterMethod tearDown -->
  <testcase classname="TestCase.diagnostics" name="@AfterClass driverexit" time="0.0">
    <skipped/>
  </testcase> <!-- @AfterClass driverexit -->
  <testcase classname="TestCase.diagnostics" name="craeteObject" time="0.001">
    <skipped/>
  </testcase> <!-- craeteObject -->
  <testcase classname="TestCase.diagnostics" name="clickOnDiagnostics" time="0.003">
    <skipped/>
  </testcase> <!-- clickOnDiagnostics -->
  <testcase classname="TestCase.diagnostics" name="screenshot" time="0.001">
    <skipped/>
  </testcase> <!-- screenshot -->
  <testcase classname="TestCase.diagnostics" name="testcaseWrite" time="0.005">
    <skipped/>
  </testcase> <!-- testcaseWrite -->
</testsuite> <!-- Test2 -->
