<?xml version="1.0" encoding="UTF-8"?>
<!-- Generated by org.testng.reporters.JUnitXMLReporter -->
<testsuite hostname="DESKTOP-SMJLONE" failures="0" tests="11" name="Test1" time="0.258" errors="0" timestamp="24 Mar 2021 06:38:11 GMT">
  <testcase classname="TestCase.hospitalName" name="@BeforeTest testcaseRexl" time="0.0">
    <failure type="org.apache.poi.openxml4j.exceptions.NotOfficeXmlFileException" message="No valid entries or contents found, this is not a valid OOXML (Office Open XML) file">
      <![CDATA[org.apache.poi.openxml4j.exceptions.NotOfficeXmlFileException: No valid entries or contents found, this is not a valid OOXML (Office Open XML) file
	at org.apache.poi.openxml4j.util.ZipArchiveThresholdInputStream.getNextEntry(ZipArchiveThresholdInputStream.java:145)
	at org.apache.poi.openxml4j.util.ZipInputStreamZipEntrySource.<init>(ZipInputStreamZipEntrySource.java:49)
	at org.apache.poi.openxml4j.opc.ZipPackage.<init>(ZipPackage.java:106)
	at org.apache.poi.openxml4j.opc.OPCPackage.open(OPCPackage.java:307)
	at org.apache.poi.ooxml.util.PackageHelper.open(PackageHelper.java:47)
	at org.apache.poi.xssf.usermodel.XSSFWorkbook.<init>(XSSFWorkbook.java:309)
	at utility.excelUtils.readexcel(excelUtils.java:69)
	at TestCase.hospitalName.testcaseRexl(hospitalName.java:63)
	at java.base/java.util.concurrent.FutureTask.run(FutureTask.java:264)
	at java.base/java.util.concurrent.ThreadPoolExecutor.runWorker(ThreadPoolExecutor.java:1130)
	at java.base/java.util.concurrent.ThreadPoolExecutor$Worker.run(ThreadPoolExecutor.java:630)
	at java.base/java.lang.Thread.run(Thread.java:831)
Caused by: java.util.zip.ZipException: Unexpected record signature: 0X19000808
	at org.apache.commons.compress.archivers.zip.ZipArchiveInputStream.getNextZipEntry(ZipArchiveInputStream.java:260)
	at org.apache.poi.openxml4j.util.ZipArchiveThresholdInputStream.getNextEntry(ZipArchiveThresholdInputStream.java:141)
	... 25 more
... Removed 14 stack frames]]>
    </failure>
  </testcase> <!-- @BeforeTest testcaseRexl -->
  <testcase classname="TestCase.hospitalName" name="@BeforeClass driverconfig" time="0.0">
    <skipped/>
  </testcase> <!-- @BeforeClass driverconfig -->
  <testcase classname="TestCase.hospitalName" name="@AfterMethod tearDown" time="0.0">
    <skipped/>
  </testcase> <!-- @AfterMethod tearDown -->
  <testcase classname="TestCase.hospitalName" name="@AfterMethod tearDown" time="0.0">
    <skipped/>
  </testcase> <!-- @AfterMethod tearDown -->
  <testcase classname="TestCase.hospitalName" name="@AfterMethod tearDown" time="0.0">
    <skipped/>
  </testcase> <!-- @AfterMethod tearDown -->
  <testcase classname="TestCase.hospitalName" name="@AfterMethod tearDown" time="0.0">
    <skipped/>
  </testcase> <!-- @AfterMethod tearDown -->
  <testcase classname="TestCase.hospitalName" name="@AfterMethod tearDown" time="0.0">
    <skipped/>
  </testcase> <!-- @AfterMethod tearDown -->
  <testcase classname="TestCase.hospitalName" name="@AfterMethod tearDown" time="0.0">
    <skipped/>
  </testcase> <!-- @AfterMethod tearDown -->
  <testcase classname="TestCase.hospitalName" name="@AfterMethod tearDown" time="0.0">
    <skipped/>
  </testcase> <!-- @AfterMethod tearDown -->
  <testcase classname="TestCase.hospitalName" name="@AfterMethod tearDown" time="0.0">
    <skipped/>
  </testcase> <!-- @AfterMethod tearDown -->
  <testcase classname="TestCase.hospitalName" name="@AfterMethod tearDown" time="0.0">
    <skipped/>
  </testcase> <!-- @AfterMethod tearDown -->
  <testcase classname="TestCase.hospitalName" name="@AfterMethod tearDown" time="0.0">
    <skipped/>
  </testcase> <!-- @AfterMethod tearDown -->
  <testcase classname="TestCase.hospitalName" name="@AfterMethod tearDown" time="0.0">
    <skipped/>
  </testcase> <!-- @AfterMethod tearDown -->
  <testcase classname="TestCase.hospitalName" name="@AfterClass driverexit" time="0.0">
    <skipped/>
  </testcase> <!-- @AfterClass driverexit -->
  <testcase classname="TestCase.hospitalName" name="createObject" time="0.009">
    <skipped/>
  </testcase> <!-- createObject -->
  <testcase classname="TestCase.hospitalName" name="clickOnLocation" time="0.001">
    <skipped/>
  </testcase> <!-- clickOnLocation -->
  <testcase classname="TestCase.hospitalName" name="selectLocation" time="0.001">
    <skipped/>
  </testcase> <!-- selectLocation -->
  <testcase classname="TestCase.hospitalName" name="clickOnHospitalTextBox" time="0.003">
    <skipped/>
  </testcase> <!-- clickOnHospitalTextBox -->
  <testcase classname="TestCase.hospitalName" name="selectHospital" time="0.001">
    <skipped/>
  </testcase> <!-- selectHospital -->
  <testcase classname="TestCase.hospitalName" name="clickOnOpen" time="0.005">
    <skipped/>
  </testcase> <!-- clickOnOpen -->
  <testcase classname="TestCase.hospitalName" name="clickOnArrow1" time="0.002">
    <skipped/>
  </testcase> <!-- clickOnArrow1 -->
  <testcase classname="TestCase.hospitalName" name="clickOnHasParking" time="0.0">
    <skipped/>
  </testcase> <!-- clickOnHasParking -->
  <testcase classname="TestCase.hospitalName" name="screenshot" time="0.002">
    <skipped/>
  </testcase> <!-- screenshot -->
  <testcase classname="TestCase.hospitalName" name="getOutput" time="0.001">
    <skipped/>
  </testcase> <!-- getOutput -->
  <testcase classname="TestCase.hospitalName" name="testcaseWrite" time="0.001">
    <skipped/>
  </testcase> <!-- testcaseWrite -->
</testsuite> <!-- Test1 -->
