<?xml version="1.0" encoding="UTF-8"?>
<testsuite xmlns:xsi="http://www.w3.org/2001/XMLSchema-instance" xsi:noNamespaceSchemaLocation="https://maven.apache.org/surefire/maven-surefire-plugin/xsd/surefire-test-report-3.0.xsd" version="3.0" name="TestSuite" time="62.464" tests="28" errors="0" skipped="0" failures="0">
  <properties>
[...]
</properties>
  <testcase name="createObject" classname="TestCase.hospitalName" time="0.064"/>
  <testcase name="clickOnLocation" classname="TestCase.hospitalName" time="4.329"/>
  <testcase name="selectLocation" classname="TestCase.hospitalName" time="0.331"/>
  <testcase name="clickOnHospitalTextBox" classname="TestCase.hospitalName" time="2.15"/>
  <testcase name="selectHospital" classname="TestCase.hospitalName" time="4.268"/>
  <testcase name="clickOnOpen" classname="TestCase.hospitalName" time="2.191"/>
  <testcase name="clickOnArrow1" classname="TestCase.hospitalName" time="1.594"/>
  <testcase name="clickOnHasParking" classname="TestCase.hospitalName" time="2.303"/>
  <testcase name="screenshot" classname="TestCase.hospitalName" time="1.595"/>
  <testcase name="getOutput" classname="TestCase.hospitalName" time="0.436"/>
  <testcase name="testcaseWrite" classname="TestCase.hospitalName" time="0.184"/>
  <testcase name="craeteObject" classname="TestCase.diagnostics" time="0.024"/>
  <testcase name="clickOnDiagnostics" classname="TestCase.diagnostics" time="3.79"/>
  <testcase name="screenshot" classname="TestCase.diagnostics" time="0.558"/>
  <testcase name="testcaseWrite" classname="TestCase.diagnostics" time="1.011"/>
  <testcase name="createObject" classname="TestCase.errorPage" time="0.014"/>
  <testcase name="getParentWindow" classname="TestCase.errorPage" time="0.002"/>
  <testcase name="clickOnProviders" classname="TestCase.errorPage" time="0.363"/>
  <testcase name="clickOnCorporate" classname="TestCase.errorPage" time="0.337"/>
  <testcase name="childWindowSwitch" classname="TestCase.errorPage" time="0.121"/>
  <testcase name="firstErrorMessage" classname="TestCase.errorPage" time="2.223"/>
  <testcase name="screenshot" classname="TestCase.errorPage" time="1.002"/>
  <testcase name="secondErrorMessage" classname="TestCase.errorPage" time="0.31"/>
  <testcase name="thirdErrorMessage" classname="TestCase.errorPage" time="0.3"/>
  <testcase name="fourthErrorMessage" classname="TestCase.errorPage" time="0.335"/>
  <testcase name="fifthErrorMessage" classname="TestCase.errorPage" time="0.299"/>
  <testcase name="testcaseWriteError" classname="TestCase.errorPage" time="0.038"/>
  <testcase name="testcaseWriteJson" classname="TestCase.errorPage" time="0"/>
</testsuite>