<?xml version="1.0" encoding="UTF-8"?>
<!-- Generated by org.testng.reporters.JUnitXMLReporter -->
<testsuite hostname="DESKTOP-AE2E2O2" name="Test1" tests="11" failures="0" timestamp="24 Jun 2020 07:22:07 GMT" time="31.363" errors="0">
  <testcase name="createObject" time="0.064" classname="TestCase.hospitalName"/>
  <testcase name="clickOnLocation" time="4.33" classname="TestCase.hospitalName"/>
  <testcase name="selectLocation" time="0.332" classname="TestCase.hospitalName"/>
  <testcase name="clickOnHospitalTextBox" time="2.151" classname="TestCase.hospitalName"/>
  <testcase name="selectHospital" time="4.27" classname="TestCase.hospitalName"/>
  <testcase name="clickOnOpen" time="2.191" classname="TestCase.hospitalName"/>
  <testcase name="clickOnArrow1" time="1.592" classname="TestCase.hospitalName"/>
  <testcase name="clickOnHasParking" time="2.304" classname="TestCase.hospitalName"/>
  <testcase name="screenshot" time="1.595" classname="TestCase.hospitalName"/>
  <testcase name="getOutput" time="0.436" classname="TestCase.hospitalName"/>
  <testcase name="testcaseWrite" time="0.185" classname="TestCase.hospitalName"/>
</testsuite> <!-- Test1 -->
