<?xml version="1.0" encoding="UTF-8"?>
<!-- Generated by org.testng.reporters.JUnitXMLReporter -->
<testsuite hostname="DESKTOP-AE2E2O2" name="Test3" tests="13" failures="0" timestamp="24 Jun 2020 07:22:36 GMT" time="14.043" errors="0">
  <testcase name="createObject" time="0.015" classname="TestCase.errorPage"/>
  <testcase name="getParentWindow" time="0.002" classname="TestCase.errorPage"/>
  <testcase name="clickOnProviders" time="0.364" classname="TestCase.errorPage"/>
  <testcase name="clickOnCorporate" time="0.34" classname="TestCase.errorPage"/>
  <testcase name="childWindowSwitch" time="0.119" classname="TestCase.errorPage"/>
  <testcase name="firstErrorMessage" time="2.222" classname="TestCase.errorPage"/>
  <testcase name="screenshot" time="1.003" classname="TestCase.errorPage"/>
  <testcase name="secondErrorMessage" time="0.309" classname="TestCase.errorPage"/>
  <testcase name="thirdErrorMessage" time="0.296" classname="TestCase.errorPage"/>
  <testcase name="fourthErrorMessage" time="0.336" classname="TestCase.errorPage"/>
  <testcase name="fifthErrorMessage" time="0.299" classname="TestCase.errorPage"/>
  <testcase name="testcaseWriteError" time="0.038" classname="TestCase.errorPage"/>
  <testcase name="testcaseWriteJson" time="0.005" classname="TestCase.errorPage"/>
</testsuite> <!-- Test3 -->
