<?xml version="1.0" encoding="UTF-8"?>
<!-- Generated by org.testng.reporters.JUnitXMLReporter -->
<testsuite hostname="DESKTOP-AE2E2O2" name="Test2" tests="4" failures="0" timestamp="24 Jun 2020 07:22:22 GMT" time="14.597" errors="0">
  <testcase name="craeteObject" time="0.021" classname="TestCase.diagnostics"/>
  <testcase name="clickOnDiagnostics" time="3.791" classname="TestCase.diagnostics"/>
  <testcase name="screenshot" time="0.559" classname="TestCase.diagnostics"/>
  <testcase name="testcaseWrite" time="1.012" classname="TestCase.diagnostics"/>
</testsuite> <!-- Test2 -->
